<?xml version="1.0" encoding="UTF-8"?>
<testng-results skipped="0" failed="0" ignored="0" total="1" passed="1">
  <reporter-output>
  </reporter-output>
  <suite name="Default suite" duration-ms="2115" started-at="2017-08-13T18:42:01Z" finished-at="2017-08-13T18:42:04Z">
    <groups>
    </groups>
    <test name="Default test" duration-ms="2115" started-at="2017-08-13T18:42:01Z" finished-at="2017-08-13T18:42:04Z">
      <class name="com.api.testing.basics2post">
        <test-method status="PASS" signature="postrequest()[pri:0, instance:com.api.testing.basics2post@457e2f02]" name="postrequest" duration-ms="2090" started-at="2017-08-13T19:42:02Z" finished-at="2017-08-13T19:42:04Z">
          <reporter-output>
          </reporter-output>
        </test-method> <!-- postrequest -->
      </class> <!-- com.api.testing.basics2post -->
    </test> <!-- Default test -->
  </suite> <!-- Default suite -->
</testng-results>
